#
# There is insufficient memory for the Java Runtime Environment to continue.
# Native memory allocation (malloc) failed to allocate 1048576 bytes for AllocateHeap
# Possible reasons:
#   The system is out of physical RAM or swap space
#   In 32 bit mode, the process size limit was hit
# Possible solutions:
#   Reduce memory load on the system
#   Increase physical memory or swap space
#   Check if swap backing store is full
#   Use 64 bit Java on a 64 bit OS
#   Decrease Java heap size (-Xmx/-Xms)
#   Decrease number of Java threads
#   Decrease Java thread stack sizes (-Xss)
#   Set larger code cache with -XX:ReservedCodeCacheSize=
# This output file may be truncated or incomplete.
#
#  Out of Memory Error (memory/allocation.inline.hpp:61), pid=13360, tid=6868
#
# JRE version:  (7.0_79-b15) (build )
# Java VM: Java HotSpot(TM) 64-Bit Server VM (24.79-b02 mixed mode windows-amd64 compressed oops)
# Failed to write core dump. Minidumps are not enabled by default on client versions of Windows
#

---------------  T H R E A D  ---------------

Current thread (0x0000000002290800):  JavaThread "Unknown thread" [_thread_in_vm, id=6868, stack(0x0000000002190000,0x0000000002290000)]

Stack: [0x0000000002190000,0x0000000002290000]

---------------  P R O C E S S  ---------------

Java Threads: ( => current thread )

Other Threads:

=>0x0000000002290800 (exited) JavaThread "Unknown thread" [_thread_in_vm, id=6868, stack(0x0000000002190000,0x0000000002290000)]

VM state:not at safepoint (normal execution)

VM Mutex/Monitor currently owned by a thread: None

Heap
 PSYoungGen      total 57344K, used 993K [0x00000007d5500000, 0x00000007d9480000, 0x0000000800000000)
  eden space 49664K, 2% used [0x00000007d5500000,0x00000007d55f8570,0x00000007d8580000)
  from space 7680K, 0% used [0x00000007d8d00000,0x00000007d8d00000,0x00000007d9480000)
  to   space 7680K, 0% used [0x00000007d8580000,0x00000007d8580000,0x00000007d8d00000)
 ParOldGen       total 130048K, used 0K [0x0000000780000000, 0x0000000787f00000, 0x00000007d5500000)
  object space 130048K, 0% used [0x0000000780000000,0x0000000780000000,0x0000000787f00000)
 PSPermGen       total 21504K, used 697K [0x000000077ae00000, 0x000000077c300000, 0x0000000780000000)
  object space 21504K, 3% used [0x000000077ae00000,0x000000077aeae588,0x000000077c300000)

Card table byte_map: [0x0000000005450000,0x0000000005880000] byte_map_base: 0x0000000001879000

Polling page: 0x0000000002020000

Code Cache  [0x0000000002390000, 0x0000000002600000, 0x0000000005390000)
 total_blobs=38 nmethods=0 adapters=20 free_code_cache=48889Kb largest_free_block=50062528

Compilation events (0 events):
No events

GC Heap History (0 events):
No events

Deoptimization events (0 events):
No events

Internal exceptions (0 events):
No events

Events (10 events):
Event: 0.022 loading class 0x00000000022df790
Event: 0.022 loading class 0x00000000022df790 done
Event: 0.022 loading class 0x00000000022df7e0
Event: 0.022 loading class 0x00000000022df7e0 done
Event: 0.022 loading class 0x00000000022df830
Event: 0.022 loading class 0x00000000022df830 done
Event: 0.023 loading class 0x00000000022e05b0
Event: 0.023 loading class 0x00000000022e05b0 done
Event: 0.023 loading class 0x00000000022e01d0
Event: 0.023 loading class 0x00000000022e01d0 done


Dynamic libraries:
0x00007ff785850000 - 0x00007ff785883000 	C:\Program Files\Java\jdk1.7.0_79\bin\java.exe
0x00007ff87bdf0000 - 0x00007ff87bfb1000 	C:\WINDOWS\SYSTEM32\ntdll.dll
0x00007ff87b1f0000 - 0x00007ff87b29d000 	C:\WINDOWS\system32\KERNEL32.DLL
0x00007ff878660000 - 0x00007ff878848000 	C:\WINDOWS\system32\KERNELBASE.dll
0x00007ff8795a0000 - 0x00007ff879647000 	C:\WINDOWS\system32\ADVAPI32.dll
0x00007ff879500000 - 0x00007ff87959d000 	C:\WINDOWS\system32\msvcrt.dll
0x00007ff87bb20000 - 0x00007ff87bb7b000 	C:\WINDOWS\system32\sechost.dll
0x00007ff87b310000 - 0x00007ff87b42c000 	C:\WINDOWS\system32\RPCRT4.dll
0x00007ff87ac30000 - 0x00007ff87ad86000 	C:\WINDOWS\system32\USER32.dll
0x00007ff87b050000 - 0x00007ff87b1d6000 	C:\WINDOWS\system32\GDI32.dll
0x00007ff874be0000 - 0x00007ff874e54000 	C:\WINDOWS\WinSxS\amd64_microsoft.windows.common-controls_6595b64144ccf1df_6.0.10586.0_none_8c15ae12515e1c22\COMCTL32.dll
0x00007ff87b8a0000 - 0x00007ff87bb1d000 	C:\WINDOWS\system32\combase.dll
0x00007ff878850000 - 0x00007ff8788ba000 	C:\WINDOWS\system32\bcryptPrimitives.dll
0x00007ff87b860000 - 0x00007ff87b89b000 	C:\WINDOWS\system32\IMM32.DLL
0x000000006a680000 - 0x000000006a752000 	C:\Program Files\Java\jdk1.7.0_79\jre\bin\msvcr100.dll
0x000000006ab10000 - 0x000000006b2e5000 	C:\Program Files\Java\jdk1.7.0_79\jre\bin\server\jvm.dll
0x00007ff87ad90000 - 0x00007ff87ad98000 	C:\WINDOWS\system32\PSAPI.DLL
0x00007ff868a20000 - 0x00007ff868a29000 	C:\WINDOWS\SYSTEM32\WSOCK32.dll
0x00007ff87af30000 - 0x00007ff87af9b000 	C:\WINDOWS\system32\WS2_32.dll
0x00007ff876e60000 - 0x00007ff876e83000 	C:\WINDOWS\SYSTEM32\WINMM.dll
0x00007ff876e30000 - 0x00007ff876e5c000 	C:\WINDOWS\SYSTEM32\WINMMBASE.dll
0x00007ff878b50000 - 0x00007ff878b93000 	C:\WINDOWS\system32\cfgmgr32.dll
0x000000006ab00000 - 0x000000006ab0f000 	C:\Program Files\Java\jdk1.7.0_79\jre\bin\verify.dll
0x000000006aad0000 - 0x000000006aaf8000 	C:\Program Files\Java\jdk1.7.0_79\jre\bin\java.dll
0x000000006aab0000 - 0x000000006aac5000 	C:\Program Files\Java\jdk1.7.0_79\jre\bin\zip.dll

VM Arguments:
jvm_args: -Djava.awt.headless=true -Xmx2g -Dfile.encoding=windows-1252 -Duser.country=FR -Duser.language=fr -Duser.variant 
java_command: com.android.dx.command.Main --dex --num-threads=4 --multi-dex --output C:\Users\mouadr\GitTest\Material-Animations-master\app\build\intermediates\transforms\dex\debug\folders\1000\10\com.android.databinding-library-1.0-rc3_63f2d5ebd00c81c77c7cbbdfc4e90d56e8940856 C:\Users\mouadr\GitTest\Material-Animations-master\app\build\intermediates\exploded-aar\com.android.databinding\library\1.0-rc3\jars\classes.jar
Launcher Type: SUN_STANDARD

Environment Variables:
JAVA_HOME=C:\Program Files\Java\jdk1.7.0_79
PATH=C:\oraclexe\app\oracle\product\11.2.0\server\bin;C:\ProgramData\Oracle\Java\javapath;C:\Program Files (x86)\Intel\iCLS Client\;C:\Program Files\Intel\iCLS Client\;C:\WINDOWS\system32;C:\WINDOWS;C:\WINDOWS\System32\Wbem;C:\WINDOWS\System32\WindowsPowerShell\v1.0\;C:\Program Files\Intel\Intel(R) Management Engine Components\DAL;C:\Program Files\Intel\Intel(R) Management Engine Components\IPT;C:\Program Files (x86)\Intel\Intel(R) Management Engine Components\DAL;C:\Program Files (x86)\Intel\Intel(R) Management Engine Components\IPT;C:\Program Files (x86)\NVIDIA Corporation\PhysX\Common;C:\Users\mouadr\apache-maven-3.3.3\bin;C:\Program Files\Java\jdk1.7.0_79\bin;C:\Program Files (x86)\Skype\Phone\;C:\WINDOWS\system32;C:\WINDOWS;C:\WINDOWS\System32\Wbem;C:\WINDOWS\System32\WindowsPowerShell\v1.0\
USERNAME=mouadr
OS=Windows_NT
PROCESSOR_IDENTIFIER=Intel64 Family 6 Model 60 Stepping 3, GenuineIntel



---------------  S Y S T E M  ---------------

OS: Windows 8.1 , 64 bit Build 9600 

CPU:total 8 (4 cores per cpu, 2 threads per core) family 6 model 60 stepping 3, cmov, cx8, fxsr, mmx, sse, sse2, sse3, ssse3, sse4.1, sse4.2, popcnt, avx, avx2, aes, erms, ht, tsc, tscinvbit

Memory: 4k page, physical 12492752k(3172288k free), swap 12492752k(499272k free)

vm_info: Java HotSpot(TM) 64-Bit Server VM (24.79-b02) for windows-amd64 JRE (1.7.0_79-b15), built on Apr 10 2015 12:36:16 by "java_re" with unknown MS VC++:1600

time: Wed Mar 23 21:38:48 2016
elapsed time: 0 seconds

